{"numFailedTestSuites":2,"numFailedTests":0,"numPassedTestSuites":1,"numPassedTests":5,"numPendingTestSuites":0,"numPendingTests":0,"numRuntimeErrorTestSuites":2,"numTodoTests":0,"numTotalTestSuites":3,"numTotalTests":5,"openHandles":[],"snapshot":{"added":0,"didUpdate":false,"failure":false,"filesAdded":0,"filesRemoved":0,"filesRemovedList":[],"filesUnmatched":0,"filesUpdated":0,"matched":0,"total":0,"unchecked":0,"uncheckedKeysByFile":[],"unmatched":0,"updated":0},"startTime":1773206801048,"success":false,"testResults":[{"assertionResults":[],"coverage":{},"endTime":1773206802964,"message":"  \u001b[1m● \u001b[22mTest suite failed to run\n\n    Route.post() requires a callback function but got a [object Undefined]\n\n    \u001b[0m \u001b[90m  7 |\u001b[39m \u001b[90m// @desc    Upload a file as a task attachment\u001b[39m\n     \u001b[90m  8 |\u001b[39m \u001b[90m// @access  Private\u001b[39m\n    \u001b[31m\u001b[1m>\u001b[22m\u001b[39m\u001b[90m  9 |\u001b[39m router\u001b[33m.\u001b[39mpost(\u001b[32m'/'\u001b[39m\u001b[33m,\u001b[39m protect\u001b[33m,\u001b[39m upload\u001b[33m.\u001b[39msingle(\u001b[32m'attachment'\u001b[39m)\u001b[33m,\u001b[39m \u001b[36masync\u001b[39m (req\u001b[33m,\u001b[39m res) \u001b[33m=>\u001b[39m {\n     \u001b[90m    |\u001b[39m        \u001b[31m\u001b[1m^\u001b[22m\u001b[39m\n     \u001b[90m 10 |\u001b[39m     \u001b[36mtry\u001b[39m {\n     \u001b[90m 11 |\u001b[39m         \u001b[36mif\u001b[39m (\u001b[33m!\u001b[39mreq\u001b[33m.\u001b[39mfile) {\n     \u001b[90m 12 |\u001b[39m             \u001b[36mreturn\u001b[39m res\u001b[33m.\u001b[39mstatus(\u001b[35m400\u001b[39m)\u001b[33m.\u001b[39mjson({ message\u001b[33m:\u001b[39m \u001b[32m'No file uploaded'\u001b[39m })\u001b[33m;\u001b[39m\u001b[0m\n\n      \u001b[2mat Route.<computed> [as post] (\u001b[22mnode_modules/express/lib/router/route.js\u001b[2m:216:15)\u001b[22m\n      \u001b[2mat Function.proto.<computed> [as post] (\u001b[22mnode_modules/express/lib/router/index.js\u001b[2m:521:19)\u001b[22m\n      \u001b[2mat Object.post (\u001b[22mroutes/upload.js\u001b[2m:9:8)\u001b[22m\n      \u001b[2mat Object.require (\u001b[22mindex.js\u001b[2m:41:24)\u001b[22m\n      \u001b[2mat Object.require (\u001b[22m\u001b[0m\u001b[36mroutes/tasks.test.js\u001b[39m\u001b[0m\u001b[2m:2:13)\u001b[22m\n","name":"D:\\vtroh\\Documents\\dependency manger\\server\\routes\\tasks.test.js","startTime":1773206802964,"status":"failed","summary":""},{"assertionResults":[],"coverage":{},"endTime":1773206802964,"message":"  \u001b[1m● \u001b[22mTest suite failed to run\n\n    Route.post() requires a callback function but got a [object Undefined]\n\n    \u001b[0m \u001b[90m  7 |\u001b[39m \u001b[90m// @desc    Upload a file as a task attachment\u001b[39m\n     \u001b[90m  8 |\u001b[39m \u001b[90m// @access  Private\u001b[39m\n    \u001b[31m\u001b[1m>\u001b[22m\u001b[39m\u001b[90m  9 |\u001b[39m router\u001b[33m.\u001b[39mpost(\u001b[32m'/'\u001b[39m\u001b[33m,\u001b[39m protect\u001b[33m,\u001b[39m upload\u001b[33m.\u001b[39msingle(\u001b[32m'attachment'\u001b[39m)\u001b[33m,\u001b[39m \u001b[36masync\u001b[39m (req\u001b[33m,\u001b[39m res) \u001b[33m=>\u001b[39m {\n     \u001b[90m    |\u001b[39m        \u001b[31m\u001b[1m^\u001b[22m\u001b[39m\n     \u001b[90m 10 |\u001b[39m     \u001b[36mtry\u001b[39m {\n     \u001b[90m 11 |\u001b[39m         \u001b[36mif\u001b[39m (\u001b[33m!\u001b[39mreq\u001b[33m.\u001b[39mfile) {\n     \u001b[90m 12 |\u001b[39m             \u001b[36mreturn\u001b[39m res\u001b[33m.\u001b[39mstatus(\u001b[35m400\u001b[39m)\u001b[33m.\u001b[39mjson({ message\u001b[33m:\u001b[39m \u001b[32m'No file uploaded'\u001b[39m })\u001b[33m;\u001b[39m\u001b[0m\n\n      \u001b[2mat Route.<computed> [as post] (\u001b[22mnode_modules/express/lib/router/route.js\u001b[2m:216:15)\u001b[22m\n      \u001b[2mat Function.proto.<computed> [as post] (\u001b[22mnode_modules/express/lib/router/index.js\u001b[2m:521:19)\u001b[22m\n      \u001b[2mat Object.post (\u001b[22mroutes/upload.js\u001b[2m:9:8)\u001b[22m\n      \u001b[2mat Object.require (\u001b[22mindex.js\u001b[2m:41:24)\u001b[22m\n      \u001b[2mat Object.require (\u001b[22m\u001b[0m\u001b[36mroutes/auth.test.js\u001b[39m\u001b[0m\u001b[2m:2:13)\u001b[22m\n","name":"D:\\vtroh\\Documents\\dependency manger\\server\\routes\\auth.test.js","startTime":1773206802964,"status":"failed","summary":""},{"assertionResults":[{"ancestorTitles":["Graph Validation Utils"],"duration":2,"failing":false,"failureDetails":[],"failureMessages":[],"fullName":"Graph Validation Utils should prevent self-dependency","invocations":1,"location":null,"numPassingAsserts":1,"retryReasons":[],"startAt":1773206802948,"status":"passed","title":"should prevent self-dependency"},{"ancestorTitles":["Graph Validation Utils"],"duration":0,"failing":false,"failureDetails":[],"failureMessages":[],"fullName":"Graph Validation Utils should allow a typical non-circular dependency chain","invocations":1,"location":null,"numPassingAsserts":1,"retryReasons":[],"startAt":1773206802952,"status":"passed","title":"should allow a typical non-circular dependency chain"},{"ancestorTitles":["Graph Validation Utils"],"duration":0,"failing":false,"failureDetails":[],"failureMessages":[],"fullName":"Graph Validation Utils should detect simple circular dependency (A -> B -> A)","invocations":1,"location":null,"numPassingAsserts":1,"retryReasons":[],"startAt":1773206802953,"status":"passed","title":"should detect simple circular dependency (A -> B -> A)"},{"ancestorTitles":["Graph Validation Utils"],"duration":1,"failing":false,"failureDetails":[],"failureMessages":[],"fullName":"Graph Validation Utils should detect deep circular dependency (A -> B -> C -> A)","invocations":1,"location":null,"numPassingAsserts":1,"retryReasons":[],"startAt":1773206802953,"status":"passed","title":"should detect deep circular dependency (A -> B -> C -> A)"},{"ancestorTitles":["Graph Validation Utils"],"duration":1,"failing":false,"failureDetails":[],"failureMessages":[],"fullName":"Graph Validation Utils should allow multiple independent dependencies","invocations":1,"location":null,"numPassingAsserts":1,"retryReasons":[],"startAt":1773206802954,"status":"passed","title":"should allow multiple independent dependencies"}],"endTime":1773206802956,"message":"","name":"D:\\vtroh\\Documents\\dependency manger\\server\\utils\\graph.test.js","startTime":1773206802906,"status":"passed","summary":""}],"wasInterrupted":false}
